<?xml version="1.0" encoding="UTF-8"?>
<!-- Generated by org.testng.reporters.JUnitReportReporter -->
<testsuite hostname="DESKTOP-LRS3P9N" failures="0" tests="1" name="helloworld_kobinahon.TestHedlloWorld" time="0.009" errors="0" timestamp="2021-04-23T11:56:32 IDT" skipped="0">
  <testcase classname="helloworld_kobinahon.TestHedlloWorld" name="testHelloWorld" time="0.009"/>
  <system-out/>
</testsuite> <!-- helloworld_kobinahon.TestHedlloWorld -->
